#
# A fatal error has been detected by the Java Runtime Environment:
#
#  Internal Error (classFileParser.cpp:3375), pid=4152, tid=2928
#  Error: ShouldNotReachHere()
#
# JRE version: 6.0_23-b05
# Java VM: Java HotSpot(TM) Client VM (19.0-b09 mixed mode windows-x86 )
# If you would like to submit a bug report, please visit:
#   http://java.sun.com/webapps/bugreport/crash.jsp
#

---------------  T H R E A D  ---------------

Current thread (0x00259c00):  JavaThread "Unknown thread" [_thread_in_vm, id=2928, stack(0x00390000,0x003e0000)]

Stack: [0x00390000,0x003e0000],  sp=0x003df878,  free space=318k
Native frames: (J=compiled Java code, j=interpreted, Vv=VM code, C=native code)
V  [jvm.dll+0x200a27]
V  [jvm.dll+0xa536b]
V  [jvm.dll+0x761e8]
V  [jvm.dll+0x779ef]
V  [jvm.dll+0x1cfdc5]
V  [jvm.dll+0x1d069d]
V  [jvm.dll+0x1d0a65]
V  [jvm.dll+0x1d0aab]
V  [jvm.dll+0x1d0bd2]
V  [jvm.dll+0x1d0c4a]
V  [jvm.dll+0x1d0d2d]
V  [jvm.dll+0x1d0fd2]
V  [jvm.dll+0x1f0783]
V  [jvm.dll+0x1f0b5c]
V  [jvm.dll+0xdbd3c]
V  [jvm.dll+0x1e9c28]
V  [jvm.dll+0x106190]
C  [javaw.exe+0x1657]
C  [javaw.exe+0x1e2c]
C  [javaw.exe+0x8614]
C  [kernel32.dll+0x4ed6c]
C  [ntdll.dll+0x6377b]
C  [ntdll.dll+0x6374e]


---------------  P R O C E S S  ---------------

Java Threads: ( => current thread )

Other Threads:

=>0x00259c00 (exited) JavaThread "Unknown thread" [_thread_in_vm, id=2928, stack(0x00390000,0x003e0000)]

VM state:not at safepoint (not fully initialized)

VM Mutex/Monitor currently owned by a thread: None

Dynamic libraries:
0x00400000 - 0x00424000 	C:\Program Files\Java\jre6\bin\javaw.exe
0x77360000 - 0x7749c000 	C:\windows\SYSTEM32\ntdll.dll
0x75ba0000 - 0x75c74000 	C:\windows\system32\kernel32.dll
0x751d0000 - 0x7521b000 	C:\windows\system32\KERNELBASE.dll
0x764d0000 - 0x76570000 	C:\windows\system32\ADVAPI32.dll
0x75c80000 - 0x75d2c000 	C:\windows\system32\msvcrt.dll
0x75af0000 - 0x75b09000 	C:\windows\SYSTEM32\sechost.dll
0x759e0000 - 0x75a81000 	C:\windows\system32\RPCRT4.dll
0x76570000 - 0x76639000 	C:\windows\system32\USER32.dll
0x75450000 - 0x7549e000 	C:\windows\system32\GDI32.dll
0x774e0000 - 0x774ea000 	C:\windows\system32\LPK.dll
0x754a0000 - 0x7553d000 	C:\windows\system32\USP10.dll
0x774c0000 - 0x774df000 	C:\windows\system32\IMM32.DLL
0x76640000 - 0x7670c000 	C:\windows\system32\MSCTF.dll
0x7c340000 - 0x7c396000 	C:\Program Files\Java\jre6\bin\msvcr71.dll
0x6d7f0000 - 0x6da9c000 	C:\Program Files\Java\jre6\bin\client\jvm.dll
0x752c0000 - 0x752f2000 	C:\windows\system32\WINMM.dll
0x74f90000 - 0x74fdc000 	C:\windows\system32\apphelp.dll
0x6d7a0000 - 0x6d7ac000 	C:\Program Files\Java\jre6\bin\verify.dll
0x6d320000 - 0x6d33f000 	C:\Program Files\Java\jre6\bin\java.dll
0x6d280000 - 0x6d288000 	C:\Program Files\Java\jre6\bin\hpi.dll
0x774f0000 - 0x774f5000 	C:\windows\system32\PSAPI.DLL
0x6d7e0000 - 0x6d7ef000 	C:\Program Files\Java\jre6\bin\zip.dll

VM Arguments:
jvm_args: -Dfile.encoding=GBK -Xbootclasspath/p:D:\Program Files\Android\android-sdk-windows\platforms\android-16\android.jar 
java_command: com.aurogon.zhuogui.util.MultiThreadClient
Launcher Type: SUN_STANDARD

Environment Variables:
PATH=C:/Program Files/Java/jre6/bin/client;C:/Program Files/Java/jre6/bin;C:/Program Files/Java/jre6/lib/i386;C:\PROGRAM FILES\NVIDIA CORPORATION\PHYSX\COMMON;C:\windows\SYSTEM32;C:\windows;C:\windows\SYSTEM32\WBEM;C:\windows\SYSTEM32\WINDOWSPOWERSHELL\V1.0\;C:\PROGRAM FILES\ATI TECHNOLOGIES\ATI.ACE\CORE-STATIC;C:\PROGRAM FILES\COMMON FILES\THUNDER NETWORK\KANKAN\CODECS;C:\PROGRAM FILES\MICROSOFT SQL SERVER\100\TOOLS\BINN\;C:\PROGRAM FILES\MICROSOFT SQL SERVER\100\DTS\BINN\;D:\PROGRAM FILES\TORTOISESVN\BIN;C:\Program Files\WIDCOMM\Bluetooth Software\;D:\Program Files\eclipse;
USERNAME=maple
OS=Windows_NT
PROCESSOR_IDENTIFIER=x86 Family 6 Model 37 Stepping 2, GenuineIntel



---------------  S Y S T E M  ---------------

OS: Windows 7 Build 7600 Service Pack 1

CPU:total 4 (2 cores per cpu, 2 threads per core) family 6 model 37 stepping 2, cmov, cx8, fxsr, mmx, sse, sse2, sse3, ssse3, sse4.1, sse4.2, popcnt, ht

Memory: 4k page, physical 4051508k(2575884k free), swap 8101252k(6381096k free)

vm_info: Java HotSpot(TM) Client VM (19.0-b09) for windows-x86 JRE (1.6.0_23-b05), built on Nov 12 2010 15:00:43 by "java_re" with MS VC++ 7.1 (VS2003)

time: Sun Mar 10 20:22:49 2013
elapsed time: 0 seconds

